[debug] [2022-04-17T13:25:14.717Z] ----------------------------------------------------------------------
[debug] [2022-04-17T13:25:14.718Z] Command:       C:\Program Files\nodejs\node.exe C:\Users\saprf\AppData\Roaming\npm\node_modules\firebase-tools\lib\bin\firebase.js init
[debug] [2022-04-17T13:25:14.718Z] CLI Version:   10.6.0
[debug] [2022-04-17T13:25:14.718Z] Platform:      win32
[debug] [2022-04-17T13:25:14.718Z] Node Version:  v14.17.3
[debug] [2022-04-17T13:25:14.719Z] Time:          Sun Apr 17 2022 09:25:14 GMT-0400 (Eastern Daylight Time)
[debug] [2022-04-17T13:25:14.719Z] ----------------------------------------------------------------------
[debug] 
[debug] [2022-04-17T13:25:14.724Z] > command requires scopes: ["email","openid","https://www.googleapis.com/auth/cloudplatformprojects.readonly","https://www.googleapis.com/auth/firebase","https://www.googleapis.com/auth/cloud-platform"]
[debug] [2022-04-17T13:25:14.724Z] > authorizing via signed-in user (firebase.csci.380@gmail.com)
[info] 
     ######## #### ########  ######## ########     ###     ######  ########
     ##        ##  ##     ## ##       ##     ##  ##   ##  ##       ##
     ######    ##  ########  ######   ########  #########  ######  ######
     ##        ##  ##    ##  ##       ##     ## ##     ##       ## ##
     ##       #### ##     ## ######## ########  ##     ##  ######  ########

You're about to initialize a Firebase project in this directory:

  C:\myFiles\Repo_GenDir\380-Standalone_project\380-standalone_project_main

Before we get started, keep in mind:

  * You are currently outside your home directory

